<?xml version="1.0" encoding="UTF-8"?>
<!-- Generated by org.testng.reporters.JUnitReportReporter -->
<testsuite name="com.perfectofieldserviceassignment.steps.TestCaseScenarioSteps" tests="1" time="46.516" ignored="0" failures="0" timestamp="15 Mar 2018 07:44:55 GMT" skipped="0" hostname="ICPL12425" errors="0">
  <testcase name="executionOfTc1" time="46.516" classname="com.perfectofieldserviceassignment.steps.TestCaseScenarioSteps"/>
</testsuite> <!-- com.perfectofieldserviceassignment.steps.TestCaseScenarioSteps -->
