<?xml version="1.0" encoding="UTF-8"?>
<!-- Generated by org.testng.reporters.JUnitReportReporter -->
<testsuite name="com.qmetry.qaf.automation.step.client.Scenario" tests="2" time="2.702" ignored="0" failures="0" timestamp="16 Mar 2018 07:09:40 GMT" skipped="2" hostname="ICPL12425" errors="0">
  <testcase name="SampleTest" time="0.600" classname="com.qmetry.qaf.automation.step.client.Scenario">
    <skipped/>
  </testcase> <!-- SampleTest -->
  <testcase name="SampleTest" time="2.102" classname="com.qmetry.qaf.automation.step.client.Scenario">
    <skipped/>
  </testcase> <!-- SampleTest -->
</testsuite> <!-- com.qmetry.qaf.automation.step.client.Scenario -->
